0 info it worked if it ends with ok
1 verbose cli [ 'C:\\Program Files (x86)\\nodejs\\node.exe',
1 verbose cli   'C:\\Users\\Sim\\AppData\\Roaming\\npm\\node_modules\\npm\\bin\\npm-cli.js',
1 verbose cli   'run',
1 verbose cli   'setup' ]
2 info using npm@4.0.5
3 info using node@v6.9.2
4 verbose run-script [ 'presetup', 'setup', 'postsetup' ]
5 info lifecycle react-example@3.4.0~presetup: react-example@3.4.0
6 verbose lifecycle react-example@3.4.0~presetup: unsafe-perm in lifecycle true
7 verbose lifecycle react-example@3.4.0~presetup: PATH: C:\Users\Sim\AppData\Roaming\npm\node_modules\npm\bin\node-gyp-bin;E:\work\React\ReactNative\reactexample\node_modules\.bin;C:\ProgramData\Oracle\Java\javapath;C:\Windows\system32;C:\Windows;C:\Windows\System32\Wbem;C:\Windows\System32\WindowsPowerShell\v1.0\;C:\Program Files\Java\jdk1.8.0_101\bin\;C:\Users\Sim\.dnx\bin;C:\Program Files\Microsoft DNX\Dnvm\;C:\Program Files\Microsoft SQL Server\130\Tools\Binn\;C:\Program Files\Git\cmd;C:\Python27;C:\Python27\Scripts\;C:\ProgramData\chocolatey\bin;C:\Users\Sim\AppData\Local\Android\sdk\platform-tools;C:\Users\Sim\AppData\Local\Android\sdk\tools;C:\Ant\apache-ant-1.9.7\bin;C:\Program Files (x86)\nodejs\;C:\HashiCorp\Vagrant\bin;C:\Users\Sim\AppData\Roaming\npm
8 verbose lifecycle react-example@3.4.0~presetup: CWD: E:\work\React\ReactNative\reactexample
9 silly lifecycle react-example@3.4.0~presetup: Args: [ '/d /s /c', 'npm i chalk shelljs' ]
10 silly lifecycle react-example@3.4.0~presetup: Returned: code: 0  signal: null
11 info lifecycle react-example@3.4.0~setup: react-example@3.4.0
12 verbose lifecycle react-example@3.4.0~setup: unsafe-perm in lifecycle true
13 verbose lifecycle react-example@3.4.0~setup: PATH: C:\Users\Sim\AppData\Roaming\npm\node_modules\npm\bin\node-gyp-bin;E:\work\React\ReactNative\reactexample\node_modules\.bin;C:\ProgramData\Oracle\Java\javapath;C:\Windows\system32;C:\Windows;C:\Windows\System32\Wbem;C:\Windows\System32\WindowsPowerShell\v1.0\;C:\Program Files\Java\jdk1.8.0_101\bin\;C:\Users\Sim\.dnx\bin;C:\Program Files\Microsoft DNX\Dnvm\;C:\Program Files\Microsoft SQL Server\130\Tools\Binn\;C:\Program Files\Git\cmd;C:\Python27;C:\Python27\Scripts\;C:\ProgramData\chocolatey\bin;C:\Users\Sim\AppData\Local\Android\sdk\platform-tools;C:\Users\Sim\AppData\Local\Android\sdk\tools;C:\Ant\apache-ant-1.9.7\bin;C:\Program Files (x86)\nodejs\;C:\HashiCorp\Vagrant\bin;C:\Users\Sim\AppData\Roaming\npm
14 verbose lifecycle react-example@3.4.0~setup: CWD: E:\work\React\ReactNative\reactexample
15 silly lifecycle react-example@3.4.0~setup: Args: [ '/d /s /c', 'node ./internals/scripts/setup.js' ]
16 silly lifecycle react-example@3.4.0~setup: Returned: code: 1  signal: null
17 info lifecycle react-example@3.4.0~setup: Failed to exec setup script
18 verbose stack Error: react-example@3.4.0 setup: `node ./internals/scripts/setup.js`
18 verbose stack Exit status 1
18 verbose stack     at EventEmitter.<anonymous> (C:\Users\Sim\AppData\Roaming\npm\node_modules\npm\lib\utils\lifecycle.js:279:16)
18 verbose stack     at emitTwo (events.js:106:13)
18 verbose stack     at EventEmitter.emit (events.js:191:7)
18 verbose stack     at ChildProcess.<anonymous> (C:\Users\Sim\AppData\Roaming\npm\node_modules\npm\lib\utils\spawn.js:40:14)
18 verbose stack     at emitTwo (events.js:106:13)
18 verbose stack     at ChildProcess.emit (events.js:191:7)
18 verbose stack     at maybeClose (internal/child_process.js:877:16)
18 verbose stack     at Process.ChildProcess._handle.onexit (internal/child_process.js:226:5)
19 verbose pkgid react-example@3.4.0
20 verbose cwd E:\work\React\ReactNative\reactexample
21 error Windows_NT 6.1.7601
22 error argv "C:\\Program Files (x86)\\nodejs\\node.exe" "C:\\Users\\Sim\\AppData\\Roaming\\npm\\node_modules\\npm\\bin\\npm-cli.js" "run" "setup"
23 error node v6.9.2
24 error npm  v4.0.5
25 error code ELIFECYCLE
26 error react-example@3.4.0 setup: `node ./internals/scripts/setup.js`
26 error Exit status 1
27 error Failed at the react-example@3.4.0 setup script 'node ./internals/scripts/setup.js'.
27 error Make sure you have the latest version of node.js and npm installed.
27 error If you do, this is most likely a problem with the react-example package,
27 error not with npm itself.
27 error Tell the author that this fails on your system:
27 error     node ./internals/scripts/setup.js
27 error You can get information on how to open an issue for this project with:
27 error     npm bugs react-example
27 error Or if that isn't available, you can get their info via:
27 error     npm owner ls react-example
27 error There is likely additional logging output above.
28 verbose exit [ 1, true ]
